<?xml version="1.0" encoding="UTF-8"?>
<!-- Generated by org.testng.reporters.JUnitXMLReporter -->
<testsuite hostname="Lenovo-PC" ignored="1" name="LoginTest" tests="1" failures="0" timestamp="22 Dec 2018 10:36:55 GMT" time="26.114" errors="0">
  <testcase name="nagativeLoginTest" time="18.734" classname="com.my.framework.TestNGMaven.LoginTest"/>
  <testcase name="positiveLoginTest" time="0.0" classname="com.my.framework.TestNGMaven.LoginTest">
    <ignored/>
  </testcase> <!-- positiveLoginTest -->
</testsuite> <!-- LoginTest -->
